<?xml version="1.0" encoding="UTF-8"?>
<!-- Generated by org.testng.reporters.JUnitReportReporter -->
<testsuite hostname="DESKTOP-2JBFBCA" failures="0" tests="3" name="swagLabs.testCases.LoginPageTest" time="11.362" errors="0" timestamp="02 Feb 2023 20:11:04 GMT" skipped="0">
  <testcase classname="swagLabs.testCases.LoginPageTest" name="loginPageTitleTest" time="3.623"/>
  <testcase classname="swagLabs.testCases.LoginPageTest" name="swagLogoImageTest" time="3.685"/>
  <testcase classname="swagLabs.testCases.LoginPageTest" name="loginTest" time="4.054"/>
</testsuite> <!-- swagLabs.testCases.LoginPageTest -->
