<?xml version="1.0" encoding="UTF-8"?>
<!-- Generated by org.testng.reporters.JUnitReportReporter -->
<testsuite hostname="DESKTOP-2JBFBCA" failures="0" tests="3" name="swagLabs.testCases.LoginPageTest" time="12.836" errors="0" timestamp="02 Feb 2023 20:14:03 GMT" skipped="0">
  <testcase classname="swagLabs.testCases.LoginPageTest" name="loginPageTitleTest" time="5.162"/>
  <testcase classname="swagLabs.testCases.LoginPageTest" name="swagLogoImageTest" time="3.531"/>
  <testcase classname="swagLabs.testCases.LoginPageTest" name="loginTest" time="4.143"/>
</testsuite> <!-- swagLabs.testCases.LoginPageTest -->
